\BOOKMARK [1][]{section.1}{\376\377\000O\000p\000t\000i\000c\000s}{}% 1
\BOOKMARK [2][]{subsection.1.1}{\376\377\000L\000e\000n\000s\000m\000a\000k\000e\000r\000'\000s\000\040\000f\000o\000r\000m\000u\000l\000a}{section.1}% 2
\BOOKMARK [2][]{subsection.1.2}{\376\377\000L\000e\000n\000s\000\040\000t\000y\000p\000e\000s}{section.1}% 3
\BOOKMARK [2][]{subsection.1.3}{\376\377\000S\000i\000g\000n\000\040\000c\000o\000n\000v\000e\000n\000t\000i\000o\000n}{section.1}% 4
\BOOKMARK [2][]{subsection.1.4}{\376\377\000C\000o\000m\000b\000i\000n\000i\000n\000g\000\040\000l\000e\000n\000s\000e\000s}{section.1}% 5
\BOOKMARK [3][]{subsubsection.1.4.1}{\376\377\000W\000o\000r\000k\000i\000n\000g\000\040\000w\000i\000t\000h\000\040\000m\000u\000l\000t\000i\000p\000l\000e\000\040\000l\000e\000n\000s\000e\000s}{subsection.1.4}% 6
\BOOKMARK [3][]{subsubsection.1.4.2}{\376\377\000A\000s\000\040\000d\000-\0003\000m\000u\0000}{subsection.1.4}% 7
\BOOKMARK [2][]{subsection.1.5}{\376\377\000O\000b\000j\000e\000c\000t\000\040\000a\000n\000d\000\040\000i\000m\000a\000g\000e\000\040\000c\000h\000a\000r\000a\000c\000t\000e\000r\000i\000s\000t\000i\000c\000s\000\040\000f\000o\000r\000\040\000l\000e\000n\000s\000e\000s\000\040\000a\000n\000d\000\040\000m\000i\000r\000r\000o\000r\000s}{section.1}% 8
\BOOKMARK [3][]{subsubsection.1.5.1}{\376\377\000C\000o\000n\000v\000e\000r\000g\000i\000n\000g\000\040\000l\000e\000n\000s}{subsection.1.5}% 9
\BOOKMARK [3][]{subsubsection.1.5.2}{\376\377\000D\000i\000v\000e\000r\000g\000i\000n\000g\000\040\000l\000e\000n\000s}{subsection.1.5}% 10
\BOOKMARK [3][]{subsubsection.1.5.3}{\376\377\000C\000o\000n\000v\000e\000r\000g\000i\000n\000g\000\040\000\050\000c\000o\000n\000c\000a\000v\000e\000\051\000\040\000m\000i\000r\000r\000o\000r}{subsection.1.5}% 11
\BOOKMARK [3][]{subsubsection.1.5.4}{\376\377\000D\000i\000v\000e\000r\000g\000i\000n\000g\000\040\000\050\000C\000o\000n\000v\000e\000x\000\051\000\040\000m\000i\000r\000r\000o\000r}{subsection.1.5}% 12
\BOOKMARK [2][]{subsection.1.6}{\376\377\000M\000a\000g\000n\000i\000f\000i\000c\000a\000t\000i\000o\000n}{section.1}% 13
\BOOKMARK [2][]{subsection.1.7}{\376\377\000P\000o\000l\000a\000r\000i\000z\000a\000t\000i\000o\000n}{section.1}% 14
\BOOKMARK [3][]{subsubsection.1.7.1}{\376\377\000M\000a\000l\000u\000s\000'\000\040\000l\000a\000w}{subsection.1.7}% 15
\BOOKMARK [2][]{subsection.1.8}{\376\377\000D\000o\000u\000b\000l\000e\000\040\000s\000l\000i\000t\000\040\000i\000n\000t\000e\000r\000f\000e\000r\000e\000n\000c\000e}{section.1}% 16
\BOOKMARK [3][]{subsubsection.1.8.1}{\376\377\000B\000r\000i\000g\000h\000t\000\040\000f\000r\000i\000n\000g\000e\000s}{subsection.1.8}% 17
\BOOKMARK [3][]{subsubsection.1.8.2}{\376\377\000B\000r\000i\000g\000h\000t\000\040\000f\000r\000i\000n\000g\000e\000s}{subsection.1.8}% 18
\BOOKMARK [2][]{subsection.1.9}{\376\377\000S\000i\000n\000g\000l\000e\000\040\000s\000l\000i\000t\000\040\000i\000n\000t\000e\000r\000f\000e\000r\000e\000n\000c\000e\000\040\000\050\000d\000i\000f\000f\000r\000a\000c\000t\000i\000o\000n\000\051}{section.1}% 19
\BOOKMARK [3][]{subsubsection.1.9.1}{\376\377\000B\000r\000i\000g\000h\000t\000\040\000f\000r\000i\000n\000g\000e\000s}{subsection.1.9}% 20
\BOOKMARK [3][]{subsubsection.1.9.2}{\376\377\000D\000a\000r\000k\000\040\000f\000r\000i\000n\000g\000e\000s}{subsection.1.9}% 21
\BOOKMARK [1][]{section.2}{\376\377\000M\000i\000r\000r\000o\000r\000\040\000e\000q\000u\000a\000t\000i\000o\000n}{}% 22
\BOOKMARK [2][]{subsection.2.1}{\376\377\000T\000h\000i\000n\000-\000f\000i\000l\000m\000\040\000i\000n\000t\000e\000r\000f\000e\000r\000e\000n\000c\000e}{section.2}% 23
\BOOKMARK [3][]{subsubsection.2.1.1}{\376\377\000P\000a\000t\000h\000\040\000l\000e\000n\000g\000t\000h\000\040\000d\000i\000f\000f\000e\000r\000e\000n\000c\000e}{subsection.2.1}% 24
\BOOKMARK [3][]{subsubsection.2.1.2}{\376\377\000R\000e\000f\000l\000e\000c\000t\000i\000o\000n\000s}{subsection.2.1}% 25
\BOOKMARK [3][]{subsubsection.2.1.3}{\376\377\000C\000o\000n\000s\000t\000r\000u\000c\000t\000i\000v\000e\000\040\000a\000n\000d\000\040\000d\000e\000s\000t\000r\000u\000c\000t\000i\000v\000e\000\040\000i\000n\000t\000e\000r\000f\000e\000r\000e\000n\000c\000e}{subsection.2.1}% 26
\BOOKMARK [2][]{subsection.2.2}{\376\377\000C\000o\000l\000o\000u\000r\000\040\000m\000i\000x\000i\000n\000g}{section.2}% 27
\BOOKMARK [3][]{subsubsection.2.2.1}{\376\377\000A\000d\000d\000i\000t\000i\000v\000e\000\040\000c\000o\000l\000o\000u\000r\000\040\000m\000i\000x\000i\000n\000g}{subsection.2.2}% 28
\BOOKMARK [3][]{subsubsection.2.2.2}{\376\377\000S\000u\000b\000t\000r\000a\000c\000t\000i\000v\000e\000\040\000c\000o\000l\000o\000u\000r\000\040\000m\000i\000x\000i\000n\000g}{subsection.2.2}% 29
\BOOKMARK [1][]{section.3}{\376\377\000E\000l\000e\000c\000t\000r\000i\000c\000i\000t\000y}{}% 30
\BOOKMARK [2][]{subsection.3.1}{\376\377\000C\000u\000r\000r\000e\000n\000t}{section.3}% 31
\BOOKMARK [2][]{subsection.3.2}{\376\377\000R\000e\000s\000i\000s\000t\000o\000r\000s}{section.3}% 32
\BOOKMARK [3][]{subsubsection.3.2.1}{\376\377\000R\000e\000s\000i\000s\000t\000i\000v\000i\000t\000y}{subsection.3.2}% 33
\BOOKMARK [3][]{subsubsection.3.2.2}{\376\377\000R\000e\000s\000i\000s\000t\000a\000n\000c\000e\000\040\000o\000f\000\040\000a\000\040\000c\000o\000n\000d\000u\000c\000t\000o\000r}{subsection.3.2}% 34
\BOOKMARK [3][]{subsubsection.3.2.3}{\376\377\000P\000o\000w\000e\000r\000\040\000d\000i\000s\000s\000i\000p\000a\000t\000e\000d\000\040\000b\000y\000\040\000a\000\040\000r\000e\000s\000i\000s\000t\000o\000r}{subsection.3.2}% 35
\BOOKMARK [3][]{subsubsection.3.2.4}{\376\377\000R\000e\000s\000i\000s\000t\000o\000r\000s\000\040\000i\000n\000\040\000p\000a\000r\000a\000l\000l\000e\000l}{subsection.3.2}% 36
\BOOKMARK [3][]{subsubsection.3.2.5}{\376\377\000R\000e\000s\000i\000s\000t\000o\000r\000s\000\040\000i\000n\000\040\000s\000e\000r\000i\000e\000s}{subsection.3.2}% 37
\BOOKMARK [2][]{subsection.3.3}{\376\377\000C\000a\000p\000a\000c\000i\000t\000o\000r\000s}{section.3}% 38
\BOOKMARK [3][]{subsubsection.3.3.1}{\376\377\000C\000a\000p\000a\000c\000i\000t\000a\000n\000c\000e}{subsection.3.3}% 39
\BOOKMARK [3][]{subsubsection.3.3.2}{\376\377\000E\000n\000e\000r\000g\000y\000\040\000s\000t\000o\000r\000e\000d\000\040\000i\000n\000\040\000a\000\040\000c\000a\000p\000a\000c\000i\000t\000o\000r}{subsection.3.3}% 40
\BOOKMARK [3][]{subsubsection.3.3.3}{\376\377\000D\000i\000e\000l\000e\000c\000t\000r\000i\000c\000\040\000m\000a\000t\000e\000r\000i\000a\000l\000s}{subsection.3.3}% 41
\BOOKMARK [3][]{subsubsection.3.3.4}{\376\377\000C\000a\000p\000a\000c\000i\000t\000o\000r\000s\000\040\000i\000n\000\040\000p\000a\000r\000a\000l\000l\000e\000l}{subsection.3.3}% 42
\BOOKMARK [3][]{subsubsection.3.3.5}{\376\377\000C\000a\000p\000a\000c\000i\000t\000o\000r\000s\000\040\000i\000n\000\040\000s\000e\000r\000i\000e\000s}{subsection.3.3}% 43
\BOOKMARK [3][]{subsubsection.3.3.6}{\376\377\000D\000i\000s\000c\000h\000a\000r\000g\000i\000n\000g\000\040\000a\000\040\000c\000a\000p\000a\000c\000i\000t\000o\000r}{subsection.3.3}% 44
\BOOKMARK [3][]{subsubsection.3.3.7}{\376\377\000C\000h\000a\000r\000g\000i\000n\000g\000\040\000a\000\040\000c\000a\000p\000a\000c\000i\000t\000o\000r}{subsection.3.3}% 45
\BOOKMARK [2][]{subsection.3.4}{\376\377\000I\000n\000d\000u\000c\000t\000o\000r\000s}{section.3}% 46
\BOOKMARK [3][]{subsubsection.3.4.1}{\376\377\000I\000n\000d\000u\000c\000t\000a\000n\000c\000e\000\040\000o\000f\000\040\000a\000\040\000c\000i\000r\000c\000u\000i\000t}{subsection.3.4}% 47
\BOOKMARK [3][]{subsubsection.3.4.2}{\376\377\000I\000n\000d\000u\000c\000t\000a\000n\000c\000e\000\040\000o\000f\000\040\000a\000\040\000c\000o\000i\000l}{subsection.3.4}% 48
\BOOKMARK [2][]{subsection.3.5}{\376\377\000R\000L\000\040\000c\000i\000r\000c\000u\000i\000t\000s}{section.3}% 49
\BOOKMARK [3][]{subsubsection.3.5.1}{\376\377\000E\000n\000e\000r\000g\000y\000\040\000s\000t\000o\000r\000e\000d\000\040\000b\000y\000\040\000a\000n\000\040\000i\000n\000d\000u\000c\000t\000o\000r}{subsection.3.5}% 50
\BOOKMARK [2][]{subsection.3.6}{\376\377\000R\000L\000C\000\040\000c\000i\000r\000c\000u\000i\000t\000s}{section.3}% 51
\BOOKMARK [3][]{subsubsection.3.6.1}{\376\377\000P\000h\000a\000s\000e\000\040\000a\000n\000g\000l\000e}{subsection.3.6}% 52
\BOOKMARK [3][]{subsubsection.3.6.2}{\376\377\000I\000m\000p\000e\000d\000a\000n\000c\000e}{subsection.3.6}% 53
\BOOKMARK [1][]{section.4}{\376\377\000M\000a\000g\000n\000e\000t\000i\000s\000m}{}% 54
\BOOKMARK [2][]{subsection.4.1}{\376\377\000L\000o\000r\000e\000n\000t\000z\000\040\000f\000o\000r\000c\000e\000\040\000l\000a\000w}{section.4}% 55
\BOOKMARK [2][]{subsection.4.2}{\376\377\000M\000a\000g\000n\000e\000t\000i\000c\000\040\000f\000l\000u\000x}{section.4}% 56
\BOOKMARK [3][]{subsubsection.4.2.1}{\376\377\000F\000a\000r\000a\000d\000a\000y\000'\000s\000\040\000l\000a\000w}{subsection.4.2}% 57
\BOOKMARK [3][]{subsubsection.4.2.2}{\376\377\000L\000e\000n\000z\000'\000s\000\040\000l\000a\000w}{subsection.4.2}% 58
\BOOKMARK [3][]{subsubsection.4.2.3}{\376\377\000E\000l\000e\000c\000t\000r\000o\000m\000o\000t\000i\000v\000e\000\040\000f\000o\000r\000c\000e\000\040\000i\000n\000\040\000a\000\040\000c\000o\000i\000l}{subsection.4.2}% 59
\BOOKMARK [2][]{subsection.4.3}{\376\377\000M\000a\000g\000n\000e\000t\000i\000c\000\040\000i\000n\000d\000u\000c\000t\000i\000o\000n\000\040\000f\000r\000o\000m\000\040\000a\000\040\000c\000u\000r\000r\000e\000n\000t\000\040\000i\000n\000\040\000a\000\040\000w\000i\000r\000e}{section.4}% 60
\BOOKMARK [3][]{subsubsection.4.3.1}{\376\377\000M\000a\000g\000n\000e\000t\000i\000c\000\040\000f\000i\000e\000l\000d\000\040\000a\000t\000\040\000t\000h\000e\000\040\000c\000e\000n\000t\000r\000e\000\040\000o\000f\000\040\000a\000\040\000c\000o\000i\000l}{subsection.4.3}% 61
\BOOKMARK [3][]{subsubsection.4.3.2}{\376\377\000M\000a\000g\000n\000e\000t\000i\000c\000\040\000f\000i\000e\000l\000d\000\040\000o\000n\000\040\000t\000h\000e\000\040\000a\000x\000i\000s\000\040\000o\000f\000\040\000a\000\040\000s\000o\000l\000e\000n\000o\000i\000d}{subsection.4.3}% 62
\BOOKMARK [3][]{subsubsection.4.3.3}{\376\377\000M\000a\000g\000n\000e\000t\000i\000c\000\040\000f\000i\000e\000l\000d\000\040\000f\000r\000o\000m\000\040\000a\000\040\000s\000t\000r\000a\000i\000g\000h\000t\000\040\000w\000i\000r\000e}{subsection.4.3}% 63
\BOOKMARK [3][]{subsubsection.4.3.4}{\376\377\000M\000a\000g\000n\000e\000t\000i\000c\000\040\000f\000i\000e\000l\000d\000\040\000f\000r\000o\000m\000\040\000a\000n\000\040\000i\000n\000f\000i\000n\000i\000t\000e\000l\000y\000\040\000l\000o\000n\000g\000\040\000w\000i\000r\000e}{subsection.4.3}% 64
\BOOKMARK [2][]{subsection.4.4}{\376\377\000C\000y\000c\000l\000o\000t\000r\000o\000n\000\040\000c\000o\000n\000c\000e\000p\000t\000s}{section.4}% 65
\BOOKMARK [3][]{subsubsection.4.4.1}{\376\377\000R\000a\000d\000i\000u\000s\000\040\000o\000f\000\040\000m\000o\000t\000i\000o\000n\000\040\000o\000f\000\040\000a\000\040\000p\000a\000r\000t\000i\000c\000l\000e\000\040\000i\000n\000\040\000a\000\040\000m\000a\000g\000n\000e\000t\000i\000c\000\040\000f\000i\000e\000l\000d}{subsection.4.4}% 66
\BOOKMARK [3][]{subsubsection.4.4.2}{\376\377\000A\000n\000g\000u\000l\000a\000r\000\040\000f\000r\000e\000q\000u\000e\000n\000c\000y}{subsection.4.4}% 67
\BOOKMARK [3][]{subsubsection.4.4.3}{\376\377\000C\000y\000c\000l\000o\000t\000r\000o\000n\000\040\000f\000r\000e\000q\000u\000e\000n\000c\000y}{subsection.4.4}% 68
\BOOKMARK [1][]{section.5}{\376\377\000S\000p\000e\000c\000i\000a\000l\000\040\000r\000e\000l\000a\000t\000i\000v\000i\000t\000y}{}% 69
\BOOKMARK [2][]{subsection.5.1}{\376\377\000R\000a\000p\000i\000d\000i\000t\000y}{section.5}% 70
\BOOKMARK [3][]{subsubsection.5.1.1}{\376\377\000H\000y\000p\000e\000r\000b\000o\000l\000i\000c\000\040\000i\000d\000e\000n\000t\000i\000t\000i\000e\000s}{subsection.5.1}% 71
\BOOKMARK [2][]{subsection.5.2}{\376\377\000L\000e\000n\000g\000t\000h\000\040\000c\000o\000n\000t\000r\000a\000c\000t\000i\000o\000n}{section.5}% 72
\BOOKMARK [2][]{subsection.5.3}{\376\377\000T\000i\000m\000e\000\040\000d\000i\000l\000a\000t\000i\000o\000n}{section.5}% 73
\BOOKMARK [2][]{subsection.5.4}{\376\377\000M\000a\000s\000s\000\040\000d\000i\000l\000a\000t\000i\000o\000n}{section.5}% 74
\BOOKMARK [2][]{subsection.5.5}{\376\377\000V\000e\000l\000o\000c\000i\000t\000y\000\040\000a\000d\000d\000i\000t\000i\000o\000n}{section.5}% 75
\BOOKMARK [2][]{subsection.5.6}{\376\377\000E\000n\000e\000r\000g\000y}{section.5}% 76
\BOOKMARK [3][]{subsubsection.5.6.1}{\376\377\000E\000n\000e\000r\000g\000y\000\040\000a\000t\000\040\000l\000o\000w\000\040\000s\000p\000e\000e\000d\000s}{subsection.5.6}% 77
\BOOKMARK [3][]{subsubsection.5.6.2}{\376\377\000E\000n\000e\000r\000g\000y\000\040\000i\000n\000\040\000a\000\040\000d\000i\000f\000f\000e\000r\000e\000n\000t\000\040\000f\000r\000a\000m\000e}{subsection.5.6}% 78
\BOOKMARK [2][]{subsection.5.7}{\376\377\000M\000o\000m\000e\000n\000t\000u\000m}{section.5}% 79
\BOOKMARK [3][]{subsubsection.5.7.1}{\376\377\000M\000o\000m\000e\000n\000t\000u\000m\000\040\000a\000t\000\040\000l\000o\000w\000\040\000s\000p\000e\000e\000d\000s}{subsection.5.7}% 80
\BOOKMARK [3][]{subsubsection.5.7.2}{\376\377\000M\000o\000m\000e\000n\000t\000u\000m\000\040\000i\000n\000\040\000a\000\040\000d\000i\000f\000f\000e\000r\000e\000n\000t\000\040\000f\000r\000a\000m\000e}{subsection.5.7}% 81
\BOOKMARK [2][]{subsection.5.8}{\376\377\000S\000p\000e\000c\000i\000a\000l\000\040\000r\000e\000l\000a\000t\000i\000v\000i\000t\000y\000\040\000b\000u\000t\000\040\000w\000i\000t\000h\000\040\000L\000o\000r\000e\000n\000t\000z\000\040\000f\000a\000c\000t\000o\000r\000s}{section.5}% 82
\BOOKMARK [3][]{subsubsection.5.8.1}{\376\377\000T\000h\000e\000\040\000L\000o\000r\000e\000n\000t\000z\000\040\000f\000a\000c\000t\000o\000r}{subsection.5.8}% 83
\BOOKMARK [3][]{subsubsection.5.8.2}{\376\377\000E\000n\000e\000r\000g\000y}{subsection.5.8}% 84
\BOOKMARK [3][]{subsubsection.5.8.3}{\376\377\000M\000o\000m\000e\000n\000t\000u\000m}{subsection.5.8}% 85
\BOOKMARK [3][]{subsubsection.5.8.4}{\376\377\000L\000e\000n\000g\000t\000h\000\040\000c\000o\000n\000t\000r\000a\000c\000t\000i\000o\000n}{subsection.5.8}% 86
\BOOKMARK [3][]{subsubsection.5.8.5}{\376\377\000T\000i\000m\000e\000\040\000d\000i\000l\000a\000t\000i\000o\000n}{subsection.5.8}% 87
\BOOKMARK [1][]{section.6}{\376\377\000Q\000u\000a\000n\000t\000u\000m\000\040\000m\000e\000c\000h\000a\000n\000i\000c\000s}{}% 88
\BOOKMARK [2][]{subsection.6.1}{\376\377\000d\000e\000\040\000B\000r\000o\000g\000l\000i\000e\000\040\000w\000a\000v\000e\000l\000e\000n\000g\000t\000h}{section.6}% 89
\BOOKMARK [3][]{subsubsection.6.1.1}{\376\377\000P\000h\000o\000t\000o\000n\000s}{subsection.6.1}% 90
\BOOKMARK [3][]{subsubsection.6.1.2}{\376\377\000P\000a\000r\000t\000i\000c\000l\000e\000s}{subsection.6.1}% 91
\BOOKMARK [2][]{subsection.6.2}{\376\377\000P\000h\000o\000t\000o\000e\000l\000e\000c\000t\000r\000i\000c\000\040\000e\000f\000f\000e\000c\000t}{section.6}% 92
\BOOKMARK [3][]{subsubsection.6.2.1}{\376\377\000M\000a\000x\000i\000m\000u\000m\000\040\000k\000i\000n\000e\000t\000i\000c\000\040\000e\000n\000e\000r\000g\000y\000\040\000o\000f\000\040\000p\000h\000o\000t\000o\000e\000l\000e\000c\000t\000r\000o\000n\000s}{subsection.6.2}% 93
\BOOKMARK [3][]{subsubsection.6.2.2}{\376\377\000C\000u\000t\000o\000f\000f\000\040\000f\000r\000e\000q\000u\000e\000n\000c\000y}{subsection.6.2}% 94
\BOOKMARK [3][]{subsubsection.6.2.3}{\376\377\000C\000u\000t\000o\000f\000f\000\040\000w\000a\000v\000e\000l\000e\000n\000g\000t\000h}{subsection.6.2}% 95
\BOOKMARK [2][]{subsection.6.3}{\376\377\000E\000l\000e\000c\000t\000r\000o\000n\000\040\000s\000t\000a\000t\000e\000s}{section.6}% 96
\BOOKMARK [3][]{subsubsection.6.3.1}{\376\377\000R\000y\000d\000b\000e\000r\000g\000\040\000e\000n\000e\000r\000g\000y}{subsection.6.3}% 97
\BOOKMARK [3][]{subsubsection.6.3.2}{\376\377\000E\000n\000e\000r\000g\000y\000\040\000o\000f\000\040\000a\000\040\000h\000y\000d\000r\000o\000g\000e\000n\000\040\000a\000t\000o\000m}{subsection.6.3}% 98
\BOOKMARK [3][]{subsubsection.6.3.3}{\376\377\000R\000y\000d\000b\000e\000r\000g\000\040\000c\000o\000n\000s\000t\000a\000n\000t}{subsection.6.3}% 99
\BOOKMARK [3][]{subsubsection.6.3.4}{\376\377\000W\000a\000v\000e\000l\000e\000n\000g\000t\000h\000\040\000o\000f\000\040\000e\000m\000i\000t\000t\000e\000d\000\040\000p\000h\000o\000t\000o\000n}{subsection.6.3}% 100
\BOOKMARK [1][]{section.7}{\376\377\000T\000h\000e\000r\000m\000o\000d\000y\000n\000a\000m\000i\000c\000s}{}% 101
\BOOKMARK [2][]{subsection.7.1}{\376\377\000L\000i\000n\000e\000a\000r\000\040\000t\000h\000e\000r\000m\000a\000l\000\040\000e\000x\000p\000a\000n\000s\000i\000o\000n}{section.7}% 102
\BOOKMARK [3][]{subsubsection.7.1.1}{\376\377\000A\000r\000e\000a\000l\000\040\000a\000n\000d\000\040\000v\000o\000l\000u\000m\000e\000t\000r\000i\000c\000\040\000e\000x\000p\000a\000n\000s\000i\000o\000n}{subsection.7.1}% 103
\BOOKMARK [2][]{subsection.7.2}{\376\377\000H\000e\000a\000t\000\040\000t\000r\000a\000n\000s\000f\000e\000r}{section.7}% 104
\BOOKMARK [3][]{subsubsection.7.2.1}{\376\377\000S\000l\000a\000b\000s\000\040\000i\000n\000\040\000s\000e\000r\000i\000e\000s}{subsection.7.2}% 105
\BOOKMARK [3][]{subsubsection.7.2.2}{\376\377\000S\000l\000a\000b\000s\000\040\000i\000n\000\040\000p\000a\000r\000a\000l\000l\000e\000l}{subsection.7.2}% 106
\BOOKMARK [2][]{subsection.7.3}{\376\377\000N\000e\000w\000t\000o\000n\000'\000s\000\040\000l\000a\000w\000\040\000o\000f\000\040\000c\000o\000o\000l\000i\000n\000g\000\040\000f\000o\000r\000\040\000c\000o\000n\000v\000e\000c\000t\000i\000o\000n}{section.7}% 107
\BOOKMARK [2][]{subsection.7.4}{\376\377\000S\000t\000e\000f\000a\000n\000-\000B\000o\000l\000t\000z\000m\000a\000n\000n\000\040\000f\000o\000r\000m\000u\000l\000a\000\040\000f\000o\000r\000\040\000r\000a\000d\000i\000a\000t\000i\000o\000n}{section.7}% 108
\BOOKMARK [2][]{subsection.7.5}{\376\377\000W\000i\000e\000n\000'\000s\000\040\000l\000a\000w\000\040\000f\000o\000r\000\040\000b\000l\000a\000c\000k\000b\000o\000d\000y\000\040\000r\000a\000d\000i\000a\000t\000i\000o\000n}{section.7}% 109
\BOOKMARK [2][]{subsection.7.6}{\376\377\000G\000a\000s\000\040\000p\000r\000o\000p\000e\000r\000t\000i\000e\000s}{section.7}% 110
\BOOKMARK [3][]{subsubsection.7.6.1}{\376\377\000I\000d\000e\000a\000l\000\040\000g\000a\000s\000\040\000l\000a\000w}{subsection.7.6}% 111
\BOOKMARK [3][]{subsubsection.7.6.2}{\376\377\000G\000a\000s\000\040\000d\000e\000n\000s\000i\000t\000y}{subsection.7.6}% 112
\BOOKMARK [3][]{subsubsection.7.6.3}{\376\377\000G\000a\000s\000\040\000v\000e\000l\000o\000c\000i\000t\000i\000e\000s}{subsection.7.6}% 113
\BOOKMARK [2][]{subsection.7.7}{\376\377\000I\000n\000t\000e\000r\000n\000a\000l\000\040\000e\000n\000e\000r\000g\000y}{section.7}% 114
\BOOKMARK [3][]{subsubsection.7.7.1}{\376\377\000S\000p\000e\000c\000i\000f\000i\000c\000\040\000h\000e\000a\000t\000s}{subsection.7.7}% 115
\BOOKMARK [2][]{subsection.7.8}{\376\377\000F\000i\000r\000s\000t\000\040\000l\000a\000w\000\040\000o\000f\000\040\000t\000h\000e\000r\000m\000o\000d\000y\000n\000a\000m\000i\000c\000s}{section.7}% 116
\BOOKMARK [2][]{subsection.7.9}{\376\377\000E\000n\000t\000r\000o\000p\000y}{section.7}% 117
\BOOKMARK [2][]{subsection.7.10}{\376\377\000T\000h\000e\000r\000m\000o\000d\000y\000n\000a\000m\000i\000c\000\040\000p\000r\000o\000c\000e\000s\000s\000e\000s}{section.7}% 118
\BOOKMARK [3][]{subsubsection.7.10.1}{\376\377\000I\000s\000o\000b\000a\000r\000i\000c}{subsection.7.10}% 119
\BOOKMARK [3][]{subsubsection.7.10.2}{\376\377\000I\000s\000o\000c\000h\000o\000r\000i\000c}{subsection.7.10}% 120
\BOOKMARK [3][]{subsubsection.7.10.3}{\376\377\000I\000s\000o\000t\000h\000e\000r\000m\000a\000l}{subsection.7.10}% 121
\BOOKMARK [3][]{subsubsection.7.10.4}{\376\377\000A\000d\000i\000a\000b\000a\000t\000i\000c}{subsection.7.10}% 122
\BOOKMARK [2][]{subsection.7.11}{\376\377\000C\000h\000a\000n\000g\000e\000\040\000i\000n\000\040\000h\000e\000a\000t}{section.7}% 123
\BOOKMARK [2][]{subsection.7.12}{\376\377\000H\000e\000a\000t\000\040\000e\000n\000g\000i\000n\000e\000s}{section.7}% 124
\BOOKMARK [3][]{subsubsection.7.12.1}{\376\377\000T\000h\000e\000r\000m\000o\000d\000y\000n\000a\000m\000i\000c\000\040\000e\000f\000f\000i\000c\000i\000e\000n\000c\000y}{subsection.7.12}% 125
\BOOKMARK [3][]{subsubsection.7.12.2}{\376\377\000C\000a\000r\000n\000o\000t\000\040\000c\000y\000c\000l\000e}{subsection.7.12}% 126
\BOOKMARK [3][]{subsubsection.7.12.3}{\376\377\000S\000t\000e\000r\000l\000i\000n\000g\000\040\000c\000y\000c\000l\000e}{subsection.7.12}% 127
\BOOKMARK [3][]{subsubsection.7.12.4}{\376\377\000O\000t\000t\000o\000\040\000c\000y\000c\000l\000e}{subsection.7.12}% 128
\BOOKMARK [1][]{section.8}{\376\377\000M\000a\000t\000e\000r\000i\000a\000l\000\040\000p\000r\000o\000p\000e\000r\000t\000i\000e\000s}{}% 129
\BOOKMARK [2][]{subsection.8.1}{\376\377\000S\000t\000r\000e\000s\000s\000\040\000a\000n\000d\000\040\000s\000t\000r\000a\000i\000n}{section.8}% 130
\BOOKMARK [2][]{subsection.8.2}{\376\377\000Y\000o\000u\000n\000g\000'\000s\000\040\000m\000o\000d\000u\000l\000u\000s}{section.8}% 131
\BOOKMARK [2][]{subsection.8.3}{\376\377\000S\000h\000e\000a\000r\000\040\000m\000o\000d\000u\000l\000u\000s}{section.8}% 132
\BOOKMARK [2][]{subsection.8.4}{\376\377\000B\000u\000l\000k\000\040\000m\000o\000d\000u\000l\000u\000s}{section.8}% 133
\BOOKMARK [2][]{subsection.8.5}{\376\377\000P\000o\000i\000s\000s\000o\000n\000'\000s\000\040\000r\000a\000t\000i\000o}{section.8}% 134
\BOOKMARK [2][]{subsection.8.6}{\376\377\000M\000o\000d\000u\000l\000i\000\040\000r\000e\000l\000a\000t\000i\000o\000n\000s}{section.8}% 135
\BOOKMARK [2][]{subsection.8.7}{\376\377\000R\000a\000d\000i\000o\000a\000c\000t\000i\000v\000e\000\040\000d\000e\000c\000a\000y\000\040\000l\000a\000w}{section.8}% 136
\BOOKMARK [3][]{subsubsection.8.7.1}{\376\377\000H\000a\000l\000f\000-\000l\000i\000f\000e}{subsection.8.7}% 137
\BOOKMARK [3][]{subsubsection.8.7.2}{\376\377\000N\000u\000c\000l\000e\000a\000r\000\040\000r\000e\000a\000c\000t\000i\000o\000n\000\040\000n\000o\000t\000a\000t\000i\000o\000n}{subsection.8.7}% 138
\BOOKMARK [1][]{section.9}{\376\377\000W\000a\000v\000e\000s}{}% 139
\BOOKMARK [2][]{subsection.9.1}{\376\377\000U\000n\000i\000v\000e\000r\000s\000a\000l\000\040\000w\000a\000v\000e\000\040\000e\000q\000u\000a\000t\000i\000o\000n}{section.9}% 140
\BOOKMARK [2][]{subsection.9.2}{\376\377\000B\000a\000s\000i\000c\000\040\000w\000a\000v\000e\000\040\000e\000q\000u\000a\000t\000i\000o\000n}{section.9}% 141
\BOOKMARK [2][]{subsection.9.3}{\376\377\000I\000n\000t\000e\000n\000s\000i\000t\000y\000\040\000o\000f\000\040\000a\000\040\000s\000o\000u\000n\000d}{section.9}% 142
\BOOKMARK [3][]{subsubsection.9.3.1}{\376\377\000D\000e\000c\000i\000b\000e\000l\000s\000\040\000a\000n\000d\000\040\000i\000n\000t\000e\000n\000s\000i\000t\000y\000\040\000m\000e\000a\000s\000u\000r\000e\000m\000e\000n\000t}{subsection.9.3}% 143
\BOOKMARK [2][]{subsection.9.4}{\376\377\000S\000i\000m\000p\000l\000e\000\040\000h\000a\000r\000m\000o\000n\000i\000c\000\040\000m\000o\000t\000i\000o\000n}{section.9}% 144
\BOOKMARK [2][]{subsection.9.5}{\376\377\000S\000o\000u\000n\000d\000\040\000w\000a\000v\000e\000s\000\040\000i\000n\000\040\000p\000i\000p\000e\000s}{section.9}% 145
\BOOKMARK [3][]{subsubsection.9.5.1}{\376\377\000O\000p\000e\000n\000\040\000p\000i\000p\000e\000s}{subsection.9.5}% 146
\BOOKMARK [3][]{subsubsection.9.5.2}{\376\377\000P\000i\000p\000e\000s\000\040\000c\000l\000o\000s\000e\000d\000\040\000o\000n\000\040\000o\000n\000e\000\040\000e\000n\000d}{subsection.9.5}% 147
\BOOKMARK [2][]{subsection.9.6}{\376\377\000W\000a\000v\000e\000s\000\040\000o\000n\000\040\000a\000\040\000s\000t\000r\000e\000t\000c\000h\000e\000d\000\040\000w\000i\000r\000e}{section.9}% 148
\BOOKMARK [3][]{subsubsection.9.6.1}{\376\377\000W\000a\000v\000e\000\040\000s\000p\000e\000e\000d}{subsection.9.6}% 149
\BOOKMARK [3][]{subsubsection.9.6.2}{\376\377\000F\000r\000e\000q\000u\000e\000n\000c\000y}{subsection.9.6}% 150
\BOOKMARK [2][]{subsection.9.7}{\376\377\000D\000o\000p\000p\000l\000e\000r\000\040\000e\000f\000f\000e\000c\000t}{section.9}% 151
\BOOKMARK [2][]{subsection.9.8}{\376\377\000C\000h\000a\000n\000g\000i\000n\000g\000\040\000m\000e\000d\000i\000u\000m\000s}{section.9}% 152
\BOOKMARK [3][]{subsubsection.9.8.1}{\376\377\000F\000a\000s\000t\000\040\000t\000o\000\040\000s\000l\000o\000w\000\040\000m\000e\000d\000i\000u\000m}{subsection.9.8}% 153
\BOOKMARK [3][]{subsubsection.9.8.2}{\376\377\000S\000l\000o\000w\000\040\000t\000o\000\040\000f\000a\000s\000t\000\040\000m\000e\000d\000i\000u\000m}{subsection.9.8}% 154
\BOOKMARK [2][]{subsection.9.9}{\376\377\000B\000o\000u\000n\000d\000a\000r\000y\000\040\000b\000e\000h\000a\000v\000i\000o\000u\000r\000\040\000a\000t\000\040\000e\000n\000d\000s}{section.9}% 155
\BOOKMARK [3][]{subsubsection.9.9.1}{\376\377\000F\000i\000x\000e\000d\000\040\000e\000n\000d}{subsection.9.9}% 156
\BOOKMARK [3][]{subsubsection.9.9.2}{\376\377\000F\000r\000e\000e\000\040\000e\000n\000d}{subsection.9.9}% 157
\BOOKMARK [1][]{section.10}{\376\377\000F\000l\000u\000i\000d\000s}{}% 158
\BOOKMARK [2][]{subsection.10.1}{\376\377\000J\000a\000r\000g\000o\000n}{section.10}% 159
\BOOKMARK [2][]{subsection.10.2}{\376\377\000C\000o\000n\000t\000i\000n\000u\000i\000t\000y\000\040\000o\000f\000\040\000f\000l\000o\000w}{section.10}% 160
\BOOKMARK [2][]{subsection.10.3}{\376\377\000B\000e\000r\000n\000o\000u\000l\000l\000i\000'\000s\000\040\000e\000q\000u\000a\000t\000i\000o\000n}{section.10}% 161
\BOOKMARK [2][]{subsection.10.4}{\376\377\000T\000o\000r\000r\000i\000c\000e\000l\000l\000i\000'\000s\000\040\000t\000h\000e\000o\000r\000e\000m}{section.10}% 162
\BOOKMARK [2][]{subsection.10.5}{\376\377\000R\000e\000y\000n\000o\000l\000d\000'\000s\000\040\000n\000u\000m\000b\000e\000r\000\040\000a\000n\000d\000\040\000s\000t\000a\000b\000i\000l\000i\000t\000y}{section.10}% 163
\BOOKMARK [2][]{subsection.10.6}{\376\377\000P\000o\000i\000s\000e\000u\000i\000l\000l\000e\000'\000s\000\040\000m\000e\000t\000h\000o\000d\000\040\000f\000o\000r\000\040\000d\000e\000t\000e\000r\000m\000i\000n\000i\000n\000g\000\040\000v\000i\000s\000c\000o\000s\000i\000t\000y}{section.10}% 164
\BOOKMARK [2][]{subsection.10.7}{\376\377\000D\000r\000a\000g\000\040\000f\000o\000r\000c\000e}{section.10}% 165
\BOOKMARK [3][]{subsubsection.10.7.1}{\376\377\000T\000e\000r\000m\000i\000n\000a\000l\000\040\000v\000e\000l\000o\000c\000i\000t\000y}{subsection.10.7}% 166
\BOOKMARK [1][]{section.11}{\376\377\000A\000s\000t\000r\000o\000n\000o\000m\000y}{}% 167
\BOOKMARK [2][]{subsection.11.1}{\376\377\000M\000o\000o\000n\000\040\000p\000h\000a\000s\000e\000s}{section.11}% 168
